<?xml version="1.0" encoding="UTF-8"?>
<!-- Generated by org.testng.reporters.JUnitReportReporter -->
<testsuite name="com.shopbox.DemoC" tests="2" time="0.010" ignored="0" failures="0" timestamp="14 Jul 2017 02:05:28 GMT" skipped="0" hostname="NAVEENKRISHNA" errors="0">
  <testcase name="register" time="0.009" classname="com.shopbox.DemoC"/>
  <testcase name="register" time="0.001" classname="com.shopbox.DemoC"/>
</testsuite> <!-- com.shopbox.DemoC -->
