<?xml version="1.0" encoding="UTF-8"?>
<!-- Generated by org.testng.reporters.JUnitReportReporter -->
<testsuite name="com.shopbox.DemoB" tests="2" time="0.012" ignored="0" failures="0" timestamp="11 Jul 2017 20:35:37 GMT" skipped="0" hostname="NAVEENKRISHNA" errors="0">
  <testcase name="high1" time="0.010" classname="com.shopbox.DemoB"/>
  <testcase name="high" time="0.002" classname="com.shopbox.DemoB"/>
</testsuite> <!-- com.shopbox.DemoB -->
