<?xml version="1.0" encoding="UTF-8"?>
<!-- Generated by org.testng.reporters.JUnitReportReporter -->
<testsuite name="com.shopbox.DemoA" tests="1" time="0.028" ignored="0" failures="0" timestamp="11 Jul 2017 02:41:13 GMT" skipped="0" hostname="NAVEENKRISHNA" errors="0">
  <testcase name="testA" time="0.028" classname="com.shopbox.DemoA"/>
</testsuite> <!-- com.shopbox.DemoA -->
